<?xml version="1.0" encoding="UTF-8"?>
<testsuite name="Cucumber" time="23.535" tests="2" skipped="0" failures="0" errors="0">
<testcase classname="Test login Functionality" name="Check whether login is as expected - Example #1.1" time="11.113">
<system-out><![CDATA[
Given user launches a browser...............................................passed
And user opens the app......................................................passed
When user enters student and Password123....................................passed
And user clicks on the login button.........................................passed
Then user navigates to Home screen..........................................passed
]]></system-out>
</testcase>
<testcase classname="Test login Functionality" name="Check whether login is as expected - Example #1.2" time="12.291">
<system-out><![CDATA[
Given user launches a browser...............................................passed
And user opens the app......................................................passed
When user enters student and Password123....................................passed
And user clicks on the login button.........................................passed
Then user navigates to Home screen..........................................passed
]]></system-out>
</testcase>
</testsuite>
.....................passed
]]></system-out>
</testcase>
</testsuite>
